<?xml version="1.0" encoding="UTF-8"?>
<!-- Generated by org.testng.reporters.JUnitReportReporter -->
<testsuite hostname="LAPTOP-1BN0T86K" failures="0" tests="1" name="testcases.LoginTest" time="20.924" errors="0" timestamp="2023-10-19T00:00:13 IST" skipped="0">
  <testcase classname="testcases.LoginTest" name="clickForgotPasswordLink" time="20.924"/>
</testsuite> <!-- testcases.LoginTest -->
